  Camera.cpp
C:\Users\vovaz\Desktop\Курсач\Лабіринт\Camera.cpp(15,50): warning C4244: =: преобразование "double" в "float", возможна потеря данных
C:\Users\vovaz\Desktop\Курсач\Лабіринт\Camera.cpp(16,50): warning C4244: =: преобразование "double" в "float", возможна потеря данных
C:\Users\vovaz\Desktop\Курсач\Лабіринт\Camera.cpp(17,17): warning C4244: =: преобразование "double" в "float", возможна потеря данных
C:\Users\vovaz\Desktop\Курсач\Лабіринт\Camera.cpp(54,14): warning C4244: инициализация: преобразование "double" в "float", возможна потеря данных
C:\Users\vovaz\Desktop\Курсач\Лабіринт\Camera.cpp(55,14): warning C4244: инициализация: преобразование "double" в "float", возможна потеря данных
  Config.cpp
  DrawOpenGL.cpp
  DrawOpenGL2.cpp
C:\Users\vovaz\Desktop\Курсач\Лабіринт\DrawOpenGL2.cpp(66,61): warning C4305: аргумент: усечение из "double" в "GLfloat"
C:\Users\vovaz\Desktop\Курсач\Лабіринт\DrawOpenGL2.cpp(67,63): warning C4305: аргумент: усечение из "double" в "GLfloat"
C:\Users\vovaz\Desktop\Курсач\Лабіринт\DrawOpenGL2.cpp(223,22): warning C4244: =: преобразование "int" в "float", возможна потеря данных
C:\Users\vovaz\Desktop\Курсач\Лабіринт\DrawOpenGL2.cpp(225,11): warning C4244: инициализация: преобразование "float" в "int", возможна потеря данных
C:\Users\vovaz\Desktop\Курсач\Лабіринт\DrawOpenGL2.cpp(237,23): warning C4244: =: преобразование "int" в "float", возможна потеря данных
C:\Users\vovaz\Desktop\Курсач\Лабіринт\DrawOpenGL2.cpp(238,42): warning C4244: =: преобразование "int" в "float", возможна потеря данных
C:\Users\vovaz\Desktop\Курсач\Лабіринт\DrawOpenGL2.cpp(201,6): warning C4101: str: неиспользованная локальная переменная
  Events.cpp
  Font.cpp
C:\Users\vovaz\Desktop\Курсач\Лабіринт\Font.cpp(70,2): warning C4996: 'vsprintf': This function or variable may be unsafe. Consider using vsprintf_s instead. To disable deprecation, use _CRT_SECURE_NO_WARNINGS. See online help for details.
C:\Users\vovaz\Desktop\Курсач\Лабіринт\Font.cpp(90,2): warning C4996: 'vsprintf': This function or variable may be unsafe. Consider using vsprintf_s instead. To disable deprecation, use _CRT_SECURE_NO_WARNINGS. See online help for details.
  Font2.cpp
C:\Users\vovaz\Desktop\Курсач\Лабіринт\Font2.cpp(54,7): warning C4996: 'vsprintf': This function or variable may be unsafe. Consider using vsprintf_s instead. To disable deprecation, use _CRT_SECURE_NO_WARNINGS. See online help for details.
  ImageLoader.cpp
  LoadBMP.cpp
  LoadTGA.cpp
C:\Users\vovaz\Desktop\Курсач\Лабіринт\LoadTGA.cpp(12,14): warning C4996: 'fopen': This function or variable may be unsafe. Consider using fopen_s instead. To disable deprecation, use _CRT_SECURE_NO_WARNINGS. See online help for details.
  LogicGame.cpp
  MainStart.cpp
  OpenGL.cpp
C:\Users\vovaz\Desktop\Курсач\Лабіринт\OpenGL.cpp(21,17): warning C4244: инициализация: преобразование "double" в "float", возможна потеря данных
C:\Users\vovaz\Desktop\Курсач\Лабіринт\OpenGL.cpp(20,3): warning C4996: 'sprintf': This function or variable may be unsafe. Consider using sprintf_s instead. To disable deprecation, use _CRT_SECURE_NO_WARNINGS. See online help for details.
C:\Users\vovaz\Desktop\Курсач\Лабіринт\OpenGL.cpp(22,3): warning C4996: 'sprintf': This function or variable may be unsafe. Consider using sprintf_s instead. To disable deprecation, use _CRT_SECURE_NO_WARNINGS. See online help for details.
  SelectObj.cpp
  StartActive.cpp
  WinAPIOkno.cpp
C:\Users\vovaz\Desktop\Курсач\Лабіринт\WinAPIOkno.cpp(112,3): warning C4838: Преобразование из "int" в "BYTE" требует сужающего преобразования.
  fontOGL.cpp
C:\Users\vovaz\Desktop\Курсач\Лабіринт\fontOGL.cpp(141,15): warning C4244: инициализация: преобразование "LONG" в "float", возможна потеря данных
  Создание кода
  43 of 423 functions (10.2%) were compiled, the rest were copied from previous compilation.
    0 functions were new in current compilation
    0 functions had inline decision re-evaluated but remain unchanged
  Создание кода завершено
  Win32Project1.vcxproj -> C:\Users\vovaz\Desktop\Курсач\Лабіринт\Release\3D Maze.exe
